<?xml version="1.0" encoding="UTF-8"?>
<!-- Generated by org.testng.reporters.JUnitReportReporter -->
<testsuite hostname="CDC2-L-210BN6H" failures="0" tests="1" name="ShoppingKartCode.Test.ZaraCoatTest" time="13.931" errors="0" timestamp="2025-08-05T19:22:01 IST" skipped="0">
  <testcase classname="ShoppingKartCode.Test.ZaraCoatTest" name="AutomatedTestRun" time="13.931"/>
</testsuite> <!-- ShoppingKartCode.Test.ZaraCoatTest -->
