<?xml version="1.0" encoding="UTF-8"?>
<!-- Generated by org.testng.reporters.JUnitReportReporter -->
<testsuite hostname="CDC2-L-210BN6H" failures="0" tests="1" name="ShoppingKartCode.Test.OrdersPageTest" time="62.476" errors="0" timestamp="2025-07-17T18:31:17 IST" skipped="0">
  <testcase classname="ShoppingKartCode.Test.OrdersPageTest" name="AutomatedTestRun" time="62.476"/>
</testsuite> <!-- ShoppingKartCode.Test.OrdersPageTest -->
