<?xml version="1.0" encoding="UTF-8"?>
<!-- Generated by org.testng.reporters.JUnitReportReporter -->
<testsuite hostname="CDC2-L-210BN6H" failures="0" tests="1" name="ShoppingKartCode.Test.IphoneTest" time="14.194" errors="0" timestamp="2025-08-04T16:29:32 IST" skipped="0">
  <testcase classname="ShoppingKartCode.Test.IphoneTest" name="AutomatedTestRun" time="14.194"/>
</testsuite> <!-- ShoppingKartCode.Test.IphoneTest -->
