<?xml version="1.0" encoding="UTF-8"?>
<!-- Generated by org.testng.reporters.JUnitReportReporter -->
<testsuite hostname="CDC2-L-210BN6H" failures="0" tests="1" name="com.testNG.basics.SecondExercise" time="0.001" errors="0" timestamp="2025-03-19T22:23:04 IST" skipped="0">
  <testcase classname="com.testNG.basics.SecondExercise" name="demo2" time="0.001"/>
</testsuite> <!-- com.testNG.basics.SecondExercise -->
