<?xml version="1.0" encoding="UTF-8"?>
<!-- Generated by org.testng.reporters.JUnitReportReporter -->
<testsuite hostname="CDC2-L-210BN6H" failures="0" tests="1" name="com.testNG.basics.FirstExercise" time="0.008" errors="0" timestamp="2025-03-19T22:23:04 IST" skipped="0">
  <testcase classname="com.testNG.basics.FirstExercise" name="demo" time="0.008"/>
</testsuite> <!-- com.testNG.basics.FirstExercise -->
